<?xml version="1.0" encoding="UTF-8"?>
<testng-results ignored="0" total="3" passed="3" failed="0" skipped="0">
  <reporter-output>
  </reporter-output>
  <suite started-at="2025-02-08T18:12:07 IST" name="Guru suite" finished-at="2025-02-08T18:12:26 IST" duration-ms="19133">
    <groups>
    </groups>
    <test started-at="2025-02-08T18:12:07 IST" name="logintest" finished-at="2025-02-08T18:12:13 IST" duration-ms="5366">
      <class name="testcases.logintest">
        <test-method signature="check()[pri:0, instance:testcases.logintest@cecf639]" started-at="2025-02-08T18:12:07 IST" name="check" finished-at="2025-02-08T18:12:13 IST" duration-ms="5291" status="PASS">
          <reporter-output>
          </reporter-output>
        </test-method> <!-- check -->
      </class> <!-- testcases.logintest -->
    </test> <!-- logintest -->
    <test started-at="2025-02-08T18:12:13 IST" name="accounttest" finished-at="2025-02-08T18:12:21 IST" duration-ms="8351">
      <class name="testcases.createaccounttest">
        <test-method signature="newaccount()[pri:0, instance:testcases.createaccounttest@6c4906d3]" started-at="2025-02-08T18:12:13 IST" name="newaccount" finished-at="2025-02-08T18:12:21 IST" duration-ms="8341" status="PASS">
          <reporter-output>
          </reporter-output>
        </test-method> <!-- newaccount -->
      </class> <!-- testcases.createaccounttest -->
    </test> <!-- accounttest -->
    <test started-at="2025-02-08T18:12:21 IST" name="editcustomertest" finished-at="2025-02-08T18:12:26 IST" duration-ms="5356">
      <class name="testcases.editcustomertest">
        <test-method is-config="true" signature="Launchbrowser()[pri:0, instance:testcases.editcustomertest@6b695b06]" started-at="2025-02-08T18:11:56 IST" name="Launchbrowser" finished-at="2025-02-08T18:12:07 IST" duration-ms="11293" status="PASS">
          <reporter-output>
          </reporter-output>
        </test-method> <!-- Launchbrowser -->
        <test-method signature="editcustomer()[pri:0, instance:testcases.editcustomertest@6b695b06]" started-at="2025-02-08T18:12:21 IST" name="editcustomer" finished-at="2025-02-08T18:12:26 IST" duration-ms="5348" status="PASS">
          <reporter-output>
          </reporter-output>
        </test-method> <!-- editcustomer -->
        <test-method is-config="true" signature="teardown()[pri:0, instance:testcases.editcustomertest@6b695b06]" started-at="2025-02-08T18:12:26 IST" name="teardown" finished-at="2025-02-08T18:12:28 IST" duration-ms="1626" status="PASS">
          <reporter-output>
          </reporter-output>
        </test-method> <!-- teardown -->
      </class> <!-- testcases.editcustomertest -->
    </test> <!-- editcustomertest -->
  </suite> <!-- Guru suite -->
</testng-results>
